[2025-08-24 09:44:51] بدء عملية تنظيف العناصر المنتهية الصلاحية
[2025-08-24 09:44:51] تمت عملية التنظيف بنجاح: تم تنظيف 1 فعالية، 2 رحلة، 1 تذكرة، 2 حجز مواصلات
[2025-08-24 09:44:51] تفاصيل النتائج:
[2025-08-24 09:44:51] - الفعاليات المنتهية: 1
[2025-08-24 09:44:51] - الرحلات المنتهية: 2
[2025-08-24 09:44:51] - التذاكر المنتهية: 1
[2025-08-24 09:44:51] - حجوزات المواصلات المنتهية: 2
[2025-08-24 09:44:51] تم إرسال إشعارات للمدراء
[2025-08-24 09:44:51] انتهت عملية التنظيف في 0.03 ثانية
[2025-08-24 09:48:05] بدء عملية تنظيف العناصر المنتهية الصلاحية
[2025-08-24 09:48:05] تمت عملية التنظيف بنجاح: تم تنظيف 1 فعالية، 2 رحلة، 1 تذكرة، 2 حجز مواصلات
[2025-08-24 09:48:05] تفاصيل النتائج:
[2025-08-24 09:48:05] - الفعاليات المنتهية: 1
[2025-08-24 09:48:05] - الرحلات المنتهية: 2
[2025-08-24 09:48:05] - التذاكر المنتهية: 1
[2025-08-24 09:48:05] - حجوزات المواصلات المنتهية: 2
[2025-08-24 09:48:05] تم إرسال إشعارات للمدراء
[2025-08-24 09:48:05] انتهت عملية التنظيف في 0.02 ثانية
[2025-08-24 09:48:11] بدء عملية تنظيف العناصر المنتهية الصلاحية
[2025-08-24 09:48:11] تمت عملية التنظيف بنجاح: تم تنظيف 1 فعالية، 2 رحلة، 1 تذكرة، 2 حجز مواصلات
[2025-08-24 09:48:11] تفاصيل النتائج:
[2025-08-24 09:48:11] - الفعاليات المنتهية: 1
[2025-08-24 09:48:11] - الرحلات المنتهية: 2
[2025-08-24 09:48:11] - التذاكر المنتهية: 1
[2025-08-24 09:48:11] - حجوزات المواصلات المنتهية: 2
[2025-08-24 09:48:11] تم إرسال إشعارات للمدراء
[2025-08-24 09:48:11] انتهت عملية التنظيف في 0.02 ثانية
[2025-08-24 09:48:14] بدء عملية تنظيف العناصر المنتهية الصلاحية
[2025-08-24 09:48:14] تمت عملية التنظيف بنجاح: تم تنظيف 1 فعالية، 2 رحلة، 1 تذكرة، 2 حجز مواصلات
[2025-08-24 09:48:14] تفاصيل النتائج:
[2025-08-24 09:48:14] - الفعاليات المنتهية: 1
[2025-08-24 09:48:14] - الرحلات المنتهية: 2
[2025-08-24 09:48:14] - التذاكر المنتهية: 1
[2025-08-24 09:48:14] - حجوزات المواصلات المنتهية: 2
[2025-08-24 09:48:14] تم إرسال إشعارات للمدراء
[2025-08-24 09:48:14] انتهت عملية التنظيف في 0.02 ثانية
[2025-08-24 09:48:20] بدء عملية تنظيف العناصر المنتهية الصلاحية
[2025-08-24 09:48:20] تمت عملية التنظيف بنجاح: تم تنظيف 1 فعالية، 2 رحلة، 1 تذكرة، 2 حجز مواصلات
[2025-08-24 09:48:20] تفاصيل النتائج:
[2025-08-24 09:48:20] - الفعاليات المنتهية: 1
[2025-08-24 09:48:20] - الرحلات المنتهية: 2
[2025-08-24 09:48:20] - التذاكر المنتهية: 1
[2025-08-24 09:48:20] - حجوزات المواصلات المنتهية: 2
[2025-08-24 09:48:20] تم إرسال إشعارات للمدراء
[2025-08-24 09:48:20] انتهت عملية التنظيف في 0.01 ثانية
[2025-08-24 09:49:14] بدء عملية تنظيف العناصر المنتهية الصلاحية
[2025-08-24 09:49:14] تمت عملية التنظيف بنجاح: تم تنظيف 1 فعالية، 2 رحلة، 1 تذكرة، 2 حجز مواصلات
[2025-08-24 09:49:14] تفاصيل النتائج:
[2025-08-24 09:49:14] - الفعاليات المنتهية: 1
[2025-08-24 09:49:14] - الرحلات المنتهية: 2
[2025-08-24 09:49:14] - التذاكر المنتهية: 1
[2025-08-24 09:49:14] - حجوزات المواصلات المنتهية: 2
[2025-08-24 09:49:14] تم إرسال إشعارات للمدراء
[2025-08-24 09:49:14] انتهت عملية التنظيف في 0.02 ثانية
[2025-08-24 09:49:26] بدء عملية تنظيف العناصر المنتهية الصلاحية
[2025-08-24 09:49:26] تمت عملية التنظيف بنجاح: تم تنظيف 1 فعالية، 2 رحلة، 1 تذكرة، 2 حجز مواصلات
[2025-08-24 09:49:26] تفاصيل النتائج:
[2025-08-24 09:49:26] - الفعاليات المنتهية: 1
[2025-08-24 09:49:26] - الرحلات المنتهية: 2
[2025-08-24 09:49:26] - التذاكر المنتهية: 1
[2025-08-24 09:49:26] - حجوزات المواصلات المنتهية: 2
[2025-08-24 09:49:26] تم إرسال إشعارات للمدراء
[2025-08-24 09:49:26] انتهت عملية التنظيف في 0.01 ثانية
[2025-08-24 09:51:54] بدء عملية تنظيف العناصر المنتهية الصلاحية
[2025-08-24 09:51:54] تمت عملية التنظيف بنجاح: تم تنظيف 1 فعالية، 2 رحلة، 1 تذكرة، 2 حجز مواصلات
[2025-08-24 09:51:54] تفاصيل النتائج:
[2025-08-24 09:51:54] - الفعاليات المنتهية: 1
[2025-08-24 09:51:54] - الرحلات المنتهية: 2
[2025-08-24 09:51:54] - التذاكر المنتهية: 1
[2025-08-24 09:51:54] - حجوزات المواصلات المنتهية: 2
[2025-08-24 09:51:54] تم إرسال إشعارات للمدراء
[2025-08-24 09:51:54] انتهت عملية التنظيف في 0.01 ثانية
[2025-08-24 10:07:46] بدء عملية تنظيف العناصر المنتهية الصلاحية
[2025-08-24 10:07:46] تمت عملية التنظيف بنجاح: تم تنظيف 1 فعالية، 2 رحلة، 1 تذكرة، 2 حجز مواصلات
[2025-08-24 10:07:46] تفاصيل النتائج:
[2025-08-24 10:07:46] - الفعاليات المنتهية: 1
[2025-08-24 10:07:46] - الرحلات المنتهية: 2
[2025-08-24 10:07:46] - التذاكر المنتهية: 1
[2025-08-24 10:07:46] - حجوزات المواصلات المنتهية: 2
[2025-08-24 10:07:46] تم إرسال إشعارات للمدراء
[2025-08-24 10:07:46] انتهت عملية التنظيف في 0.01 ثانية
[2025-08-24 10:08:19] بدء عملية تنظيف العناصر المنتهية الصلاحية
[2025-08-24 10:08:19] تمت عملية التنظيف بنجاح: تم تنظيف 1 فعالية، 2 رحلة، 1 تذكرة، 2 حجز مواصلات
[2025-08-24 10:08:19] تفاصيل النتائج:
[2025-08-24 10:08:19] - الفعاليات المنتهية: 1
[2025-08-24 10:08:19] - الرحلات المنتهية: 2
[2025-08-24 10:08:19] - التذاكر المنتهية: 1
[2025-08-24 10:08:19] - حجوزات المواصلات المنتهية: 2
[2025-08-24 10:08:19] تم إرسال إشعارات للمدراء
[2025-08-24 10:08:19] انتهت عملية التنظيف في 0.01 ثانية
[2025-08-24 10:30:58] بدء عملية تنظيف العناصر المنتهية الصلاحية
[2025-08-24 10:30:58] تمت عملية التنظيف بنجاح: تم تنظيف 1 فعالية، 2 رحلة، 1 تذكرة، 2 حجز مواصلات
[2025-08-24 10:30:58] تفاصيل النتائج:
[2025-08-24 10:30:58] - الفعاليات المنتهية: 1
[2025-08-24 10:30:58] - الرحلات المنتهية: 2
[2025-08-24 10:30:58] - التذاكر المنتهية: 1
[2025-08-24 10:30:58] - حجوزات المواصلات المنتهية: 2
[2025-08-24 10:30:58] تم إرسال إشعارات للمدراء
[2025-08-24 10:30:58] انتهت عملية التنظيف في 0.02 ثانية
